<?xml version="1.0" encoding="UTF-8"?>
<testsuite xmlns:xsi="http://www.w3.org/2001/XMLSchema-instance" xsi:noNamespaceSchemaLocation="https://maven.apache.org/surefire/maven-surefire-plugin/xsd/surefire-test-report-3.0.xsd" version="3.0" name="com.realestate.service.AIQueryServiceTest" time="2.067" tests="2" errors="2" skipped="0" failures="0">
  <properties>
[...]
</properties>
  <testcase name="processQuery_ShouldReturnResults_WhenListingsFound" classname="com.realestate.service.AIQueryServiceTest" time="2.001">
    <error message="Cannot invoke &quot;com.realestate.service.AIQueryService.processQuery(com.realestate.dto.AIQueryRequest, com.realestate.entity.User)&quot; because &quot;this.aiQueryService&quot; is null" type="java.lang.NullPointerException"><![CDATA[java.lang.NullPointerException: Cannot invoke "com.realestate.service.AIQueryService.processQuery(com.realestate.dto.AIQueryRequest, com.realestate.entity.User)" because "this.aiQueryService" is null
	at com.realestate.service.AIQueryServiceTest.processQuery_ShouldReturnResults_WhenListingsFound(AIQueryServiceTest.java:74)
	at java.base/java.lang.reflect.Method.invoke(Method.java:580)
	at java.base/java.util.ArrayList.forEach(ArrayList.java:1596)
	at java.base/java.util.ArrayList.forEach(ArrayList.java:1596)
]]></error>
    <system-err><![CDATA[WARNING: A Java agent has been loaded dynamically (/home/jules/.m2/repository/net/bytebuddy/byte-buddy-agent/1.14.10/byte-buddy-agent-1.14.10.jar)
WARNING: If a serviceability tool is in use, please run with -XX:+EnableDynamicAgentLoading to hide this warning
WARNING: If a serviceability tool is not in use, please run with -Djdk.instrument.traceUsage for more information
WARNING: Dynamic loading of agents will be disallowed by default in a future release
]]></system-err>
  </testcase>
  <testcase name="processQuery_ShouldReturnEmptyResults_WhenNoListingsFound" classname="com.realestate.service.AIQueryServiceTest" time="0.011">
    <error message="Cannot invoke &quot;com.realestate.service.AIQueryService.processQuery(com.realestate.dto.AIQueryRequest, com.realestate.entity.User)&quot; because &quot;this.aiQueryService&quot; is null" type="java.lang.NullPointerException"><![CDATA[java.lang.NullPointerException: Cannot invoke "com.realestate.service.AIQueryService.processQuery(com.realestate.dto.AIQueryRequest, com.realestate.entity.User)" because "this.aiQueryService" is null
	at com.realestate.service.AIQueryServiceTest.processQuery_ShouldReturnEmptyResults_WhenNoListingsFound(AIQueryServiceTest.java:95)
	at java.base/java.lang.reflect.Method.invoke(Method.java:580)
	at java.base/java.util.ArrayList.forEach(ArrayList.java:1596)
	at java.base/java.util.ArrayList.forEach(ArrayList.java:1596)
]]></error>
  </testcase>
</testsuite>